SF:lib\services\weather_service.dart
DA:12,0
DA:13,0
DA:14,0
DA:18,0
DA:20,0
DA:21,0
DA:28,2
DA:31,0
DA:33,1
DA:34,2
LF:10
LH:3
end_of_record
SF:lib\models\weather_model.dart
DA:29,2
DA:37,0
DA:38,0
DA:39,0
DA:41,0
DA:43,0
DA:45,0
DA:47,0
DA:49,0
DA:51,0
DA:53,0
DA:55,0
DA:57,0
DA:59,0
DA:61,0
DA:63,0
DA:65,0
DA:67,0
DA:69,0
DA:76,0
DA:77,0
DA:78,0
DA:79,0
DA:80,0
DA:81,0
LF:25
LH:1
end_of_record
SF:lib\main.dart
DA:10,0
DA:11,0
DA:12,0
DA:16,2
DA:18,1
DA:20,1
DA:22,1
DA:29,0
DA:33,0
DA:34,0
DA:43,0
DA:45,0
DA:46,0
DA:47,0
DA:48,0
DA:50,0
DA:52,0
DA:53,0
DA:54,0
DA:59,0
DA:60,0
DA:67,0
DA:69,0
DA:71,0
DA:72,0
DA:73,0
DA:77,0
DA:78,0
DA:80,0
DA:82,0
DA:83,0
DA:84,0
DA:87,0
DA:88,0
DA:89,0
DA:91,0
DA:92,0
DA:93,0
DA:94,0
DA:104,0
DA:106,0
DA:108,0
DA:109,0
DA:110,0
DA:116,0
DA:119,0
DA:120,0
DA:122,0
DA:123,0
DA:124,0
DA:125,0
DA:128,0
DA:129,0
DA:131,0
DA:132,0
DA:143,0
DA:144,0
DA:145,0
DA:147,0
DA:149,0
DA:150,0
DA:151,0
DA:152,0
DA:153,0
DA:154,0
DA:159,0
DA:160,0
DA:161,0
DA:162,0
DA:163,0
DA:164,0
DA:165,0
DA:169,0
DA:171,0
DA:189,0
DA:190,0
DA:191,0
DA:192,0
DA:193,0
LF:79
LH:4
end_of_record
SF:lib\viewmodels\weather_view_model.dart
DA:11,1
DA:13,0
DA:18,0
DA:19,0
DA:20,0
DA:21,0
DA:30,1
DA:31,2
DA:33,0
DA:35,0
DA:36,0
DA:37,0
DA:38,0
DA:39,0
DA:41,0
DA:43,0
DA:48,5
DA:49,3
DA:50,2
DA:51,2
DA:52,1
DA:53,2
DA:54,2
LF:23
LH:10
end_of_record
SF:lib\views\home_view.dart
DA:6,1
DA:8,1
DA:10,2
DA:12,1
DA:13,1
DA:14,1
DA:15,1
DA:17,1
DA:19,1
DA:20,1
DA:24,1
DA:25,0
DA:27,0
DA:28,1
DA:29,0
DA:30,0
DA:31,0
DA:34,0
DA:36,0
DA:37,0
DA:40,0
DA:41,0
DA:44,0
DA:45,0
DA:47,1
DA:54,1
DA:56,0
LF:27
LH:14
end_of_record
SF:lib\services\location_service.dart
DA:5,0
DA:6,0
DA:7,0
DA:8,0
DA:9,0
DA:11,0
DA:14,0
DA:15,0
DA:16,0
LF:9
LH:0
end_of_record
